<?xml version="1.0" encoding="UTF-8"?>
<!-- Generated by org.testng.reporters.JUnitReportReporter -->
<testsuite skipped="0" hostname="TR-4FV0Y33" name="healthGraph.test.TestScenario1" tests="1" failures="0" timestamp="12 Dec 2021 19:03:11 GMT" time="18.441" errors="0">
  <testcase name="test4" time="18.441" classname="healthGraph.test.TestScenario1"/>
</testsuite> <!-- healthGraph.test.TestScenario1 -->
